zhichangzongheyiliaobaoxian2018-lvxingjiankangxian.pdf
patuantijingwailybaoxian0904-tuantijiaotongyiwai.pdf
jiashirenyiwaibaoxian2018-jingwailvyoubaoxiangat.pdf
jiashirenyiwaibaoxian2018-zhechanjiankangbaozhan.pdf
ertongzhongdajibingbaoxian2018-jiatingdabingyiliaobaoxian.pdf
jiashirenyiwaibaoxian2018-shaoerzonghexian.pdf
chengrenzhongdajibingbaoxian2018-chengrenzhongdajibingbaoxian.pdf
ertongzhongdajibingbaoxian2018-jingwailvyoubaoxiangat.pdf
patuantijingwailybaoxian0904-chengrenzhongdajibingbaoxian.pdf
tuantijiaotongyiwaixian2019-aizhengyiliaobaoxian.pdf
pashoujisuipingxian2018-jiatingjiankangbaoxian.pdf
shaoerzonghebaoxiannew2019-jiatingdabingyiliaobaoxian.pdf
ertongzhongdajibingbaoxian2018-zhechanjiankangbaozhan.pdf
patuantijingwailybaoxian0904-jingwaigongzuobaoxian.pdf
chengrenzhongdajibingbaoxian2018-yinhangkaanquanbaoxian.pdf
shaoerzonghebaoxiannew2019-aizhengyiliaobaoxian.pdf
ertongzhongdajibingbaoxian2018-ertongzhongdajibingbaoxian.pdf
chengrenzhongdajibingbaoxian2018-shoujisuipingxian.pdf
hangyixian2018-jiashirenyiwaixian.pdf
patuantijingwailybaoxian0904-chuzubaoxian.pdf
patuantijingwailybaoxian0904-laonianrenzongheyiliaobaoxian.pdf
yinhangkaanquanbaoxian2018-xueshengzonghebaoxian.pdf
yinianqizongheyiwaixian2018-pinganjiatingbaobaoxian.pdf
pashoujisuipingxian2018-baodaotaiwan.pdf
yinianqizongheyiwaixian2018-ertongzongheyiliaobaoxian.pdf
yinianqizongheyiwaixian2018-quanqiujiaotongyiwaibaoxian.pdf
zhichangzongheyiliaobaoxian2018-shaoerjiankangyiliaobaoxian.pdf
ertongzhongdajibingbaoxian2018-xueshengzonghebaoxian.pdf
zhichangzongheyiliaobaoxian2018-jingwaigongzuobaoxian.pdf
tuantijiaotongyiwaixian2019-mStoreFront_index.pdf
ertongzhongdajibingbaoxian2018-jiashirenyiwaibaoxian.pdf
tuantijiaotongyiwaixian2019-yilujingneijiejiarilvyoubaoxian.pdf
guoneilvyoubaoxiangyy2018-jiatingzonghebaoxian.pdf
tuantijiaotongyiwaixian2019-pinganjiatingbaobaoxian.pdf
nvxingguanaibaoxian2018-aizhengyiliaobaoxian.pdf
nvxingguanaibaoxian2018-shoujisuipingxian.pdf
guoneilvyoubaoxiangyy2018-jiatingjiankangbaoxian.pdf
yinianqizongheyiwaixian2018-jiatingjiankangbaoxian.pdf
tuantijiaotongyiwaixian2019-lvxingjiankangxian.pdf
chengrenzhongdajibingbaoxian2018-quanchewuyou.pdf
jiashirenyiwaibaoxian2018-shoujisuipingxian.pdf
tuantijiaotongyiwaixian2019-chengrenzhongdajibingbaoxian.pdf
chengrenzhongdajibingbaoxian2018-nvxingguanaibaoxian.pdf
yinhangkaanquanbaoxian2018-aizhengyiliaobaoxian.pdf
hangyixian2018-yinhangkaanquanbaoxian.pdf
yinhangkaanquanbaoxian2018-yinianqizhongjibaoxian.pdf
yinianqizongheyiwaixian2018-zhechanjiankangbaozhan.pdf
chengrenzhongdajibingbaoxian2018-shaoerzonghexian.pdf
guoneilvyoubaoxiangyy2018-zhechanjiankangbaozhan.pdf
jiashirenyiwaibaoxian2018-shoujisuipingxiananzhuoban.pdf
ertongzhongdajibingbaoxian2018-shaoerzonghexian.pdf
yinianqizongheyiwaixian2018-ertongzhongdajibingbaoxian.pdf
patuantijingwailybaoxian0904-jiatingcaichanbaoxian.pdf
yinianqizongheyiwaixian2018-jingwailvyoubaoxiangat.pdf
tuantijiaotongyiwaixian2019-meiguojianadalvyoubaoxian.pdf
nvxingguanaibaoxian2018-lvxingjiankangxian.pdf
tuantijiaotongyiwaixian2019-shoujisuipingxiananzhuoban.pdf
hangyixian2018-aizhengyiliaobaoxian.pdf
patuantijingwailybaoxian0904-jiatingzonghebaoxian.pdf
tuantijiaotongyiwaixian2019-jiashirenyiwaibaoxian.pdf
yinianqizongheyiwaixian2018-shoujisuipingxian.pdf
ertongzhongdajibingbaoxian2018-jiashirenyiwaixian.pdf
hangyixian2018-baodaotaiwan.pdf
yinianqizongheyiwaixian2018-jiatingdabingyiliaobaoxian.pdf
patuantijingwailybaoxian0904-laonianrenjiankangbaoxian.pdf
jiashirenyiwaibaoxian2018-guoneilvyoubaoxiangyy.pdf
chengrenzhongdajibingbaoxian2018-jiatingzonghebaoxian.pdf
zhichangzongheyiliaobaoxian2018-quanchewuyou.pdf
shaoerzonghebaoxiannew2019-xueshengzonghebaoxian.pdf
nvxingguanaibaoxian2018-chengrenquanmianzhongjibaoxian.pdf
yinianqizongheyiwaixian2018-guoneilvyoubaoxiangyy.pdf
patuantijingwailybaoxian0904-index.pdf
nvxingguanaibaoxian2018-pinganjiatingbaobaoxian.pdf
chengrenzhongdajibingbaoxian2018-shoujisuipingxiananzhuoban.pdf
shaoerzonghebaoxiannew2019-lvxingjiankangxian.pdf
patuantijingwailybaoxian0904-ouzhouqianzhenglvyoubaoxianjingwai.pdf
tuantijiaotongyiwaixian2019-xueshengzonghebaoxian.pdf
guoneilvyoubaoxiangyy2018-laonianrenjiankangbaoxian.pdf
chengrenzhongdajibingbaoxian2018-guoneilvyoubaoxiangyy.pdf
jiashirenyiwaibaoxian2018-zhuyuanyiliaobaoxian.pdf
patuantijingwailybaoxian0904-meiguojianadalvyoubaoxian.pdf
tuantijiaotongyiwaixian2019-quanchewuyou.pdf
pashoujisuipingxian2018-shoujisuipingxiananzhuoban.pdf
tuantijiaotongyiwaixian2019-gaoduanmeiaofeilvyoubaoxian.pdf
zhichangzongheyiliaobaoxian2018-yinianqizhongjibaoxian.pdf
patuantijingwailybaoxian0904-shaoerjiankangyiliaobaoxian.pdf
patuantijingwailybaoxian0904-yinhangkaanquanbaoxian.pdf
jiashirenyiwaibaoxian2018-jiatingjiankangbaoxian.pdf
patuantijingwailybaoxian0904-guoneilvyoubaoxianzjy.pdf
zhichangzongheyiliaobaoxian2018-jiatingzonghebaoxian.pdf
guoneilvyoubaoxiangyy2018-jiatingdabingyiliaobaoxian.pdf
yinianqizongheyiwaixian2018-duanqiyiwaixian.pdf
nvxingguanaibaoxian2018-guoneilvyoubaoxiangyy.pdf
chengrenzhongdajibingbaoxian2018-pinganjiatingbaobaoxian.pdf
tuantijiaotongyiwaixian2019-zhichangzongheyiliaobaoxian.pdf
nvxingguanaibaoxian2018-zhechanjiankangbaozhan.pdf
nvxingguanaibaoxian2018-jingwailvyoubaoxiangat.pdf
pashoujisuipingxian2018-jiatingzonghebaoxian.pdf
chengrenzhongdajibingbaoxian2018-zhichangzongheyiliaobaoxian.pdf
hangyixian2018-shoujisuipingxiananzhuoban.pdf
ertongzhongdajibingbaoxian2018-jiatingjiankangbaoxian.pdf
yinianqizongheyiwaixian2018-jiatingzonghebaoxian.pdf
yinhangkaanquanbaoxian2018-shaoerjiankangyiliaobaoxian.pdf
shaoerzonghebaoxiannew2019-pinganjiatingbaobaoxian.pdf
yinianqizongheyiwaixian2018-jiashirenyiwaixian.pdf
jiashirenyiwaibaoxian2018-lvxingjiankangxian.pdf
tuantijiaotongyiwaixian2019-laonianrenjiankangbaoxian.pdf
pashoujisuipingxian2018-zhechanjiankangbaozhan.pdf
tuantijiaotongyiwaixian2019-nvxingguanaibaoxian.pdf
yinianqizongheyiwaixian2018-jiatingcaichanbaoxian.pdf
tuantijiaotongyiwaixian2019-jiatingdabingyiliaobaoxian.pdf
chengrenzhongdajibingbaoxian2018-ertongzhongdajibingbaoxian.pdf
patuantijingwailybaoxian0904-quanqiujiaotongyiwaibaoxian.pdf
patuantijingwailybaoxian0904-lexiangmeishi.pdf
patuantijingwailybaoxian0904-lvxingjiankangxian.pdf
chengrenzhongdajibingbaoxian2018-lvxingjiankangxian.pdf
jiashirenyiwaibaoxian2018-jiatingdabingyiliaobaoxian.pdf
chengrenzhongdajibingbaoxian2018-shaoerzhongji.pdf
tuantijiaotongyiwaixian2019-jingwailiuxuexian.pdf
guoneilvyoubaoxiangyy2018-yinhangkaanquanbaoxian.pdf
yinianqizongheyiwaixian2018-yinhangkaanquanbaoxian.pdf
jiashirenyiwaibaoxian2018-shaoerjiankangyiliaobaoxian.pdf
yinianqizongheyiwaixian2018-quanchewuyou.pdf
chengrenzhongdajibingbaoxian2018-jiatingdabingyiliaobaoxian.pdf
tuantijiaotongyiwaixian2019-ertongzhongdajibingbaoxian.pdf
patuantijingwailybaoxian0904-shaoerzhongji.pdf
yinianqizongheyiwaixian2018-laonianrenjiankangbaoxian.pdf
shaoerzonghebaoxiannew2019-jiatingzonghebaoxian.pdf
patuantijingwailybaoxian0904-pinganjiatingbaobaoxian.pdf
yinianqizongheyiwaixian2018-shoujisuipingxiananzhuoban.pdf
hangyixian2018-jiatingjiankangbaoxian.pdf
tuantijiaotongyiwaixian2019-jiatingzonghebaoxian.pdf
jiashirenyiwaibaoxian2018-baodaotaiwan.pdf
zhichangzongheyiliaobaoxian2018-laonianrenjiankangbaoxian.pdf
patuantijingwailybaoxian0904-guoneilvyoubaoxiangyy.pdf
patuantijingwailybaoxian0904-zhechanjiankangbaozhan.pdf
guoneilvyoubaoxiangyy2018-shoujisuipingxiananzhuoban.pdf
yinianqizongheyiwaixian2018-meiguojianadalvyoubaoxian.pdf
patuantijingwailybaoxian0904-jingwailvyoubaoxiangat.pdf
nvxingguanaibaoxian2018-jiatingzonghebaoxian.pdf
guoneilvyoubaoxiangyy2018-aizhengyiliaobaoxian.pdf
yinhangkaanquanbaoxian2018-pinganjiatingbaobaoxian.pdf
hangyixian2018-ertongzhongdajibingbaoxian.pdf
pashoujisuipingxian2018-jiatingdabingyiliaobaoxian.pdf
shaoerzonghebaoxiannew2019-yinianqizhongjibaoxian.pdf
yinianqizongheyiwaixian2018-guoneilvyoubaoxianzjy.pdf
yinianqizongheyiwaixian2018-eshengbao.pdf
zhichangzongheyiliaobaoxian2018-nvxingguanaibaoxian.pdf
chengrenzhongdajibingbaoxian2018-hangyixian.pdf
shaoerzonghebaoxiannew2019-laonianrenjiankangbaoxian.pdf
zhichangzongheyiliaobaoxian2018-guoneilvyoubaoxiangyy.pdf
yinhangkaanquanbaoxian2018-shaoerzhongji.pdf
ertongzhongdajibingbaoxian2018-baodaotaiwan.pdf
hangyixian2018-jiashirenyiwaibaoxian.pdf
yinhangkaanquanbaoxian2018-jiatingzonghebaoxian.pdf
chengrenzhongdajibingbaoxian2018-jiatingjiankangbaoxian.pdf
zhichangzongheyiliaobaoxian2018-shoujisuipingxian.pdf
nvxingguanaibaoxian2018-shaoerzhongji.pdf
tuantijiaotongyiwaixian2019-shaoerzonghexian.pdf
nvxingguanaibaoxian2018-yinhangkaanquanbaoxian.pdf
yinianqizongheyiwaixian2018-shaoerzonghexian.pdf
hangyixian2018-jiatingdabingyiliaobaoxian.pdf
yinhangkaanquanbaoxian2018-chengrenquanmianzhongjibaoxian.pdf
pashoujisuipingxian2018-lvxingjiankangxian.pdf
hangyixian2018-xueshengzonghebaoxian.pdf
hangyixian2018-shoujisuipingxian.pdf
tuantijiaotongyiwaixian2019-laonianrenzongheyiliaobaoxian.pdf
patuantijingwailybaoxian0904-lexianglvguan.pdf
yinianqizongheyiwaixian2018-shaoerjiankangyiliaobaoxian.pdf
patuantijingwailybaoxian0904-shoujisuipingxian.pdf
ertongzhongdajibingbaoxian2018-shoujisuipingxiananzhuoban.pdf
ertongzhongdajibingbaoxian2018-shoujisuipingxian.pdf
nvxingguanaibaoxian2018-shaoerzonghexian.pdf
patuantijingwailybaoxian0904-jiatingjiankangbaoxian.pdf
pashoujisuipingxian2018-xueshengzonghebaoxian.pdf
yinhangkaanquanbaoxian2018-laonianrenjiankangbaoxian.pdf
hangyixian2018-chengrenquanmianzhongjibaoxian.pdf
jiashirenyiwaibaoxian2018-yinhangkaanquanbaoxian.pdf
tuantijiaotongyiwaixian2019-ertongzongheyiliaobaoxian.pdf
chengrenzhongdajibingbaoxian2018-meiguojianadalvyoubaoxian.pdf
yinianqizongheyiwaixian2018-jingwaigongzuobaoxian.pdf
yinhangkaanquanbaoxian2018-jiashirenyiwaixian.pdf
chengrenzhongdajibingbaoxian2018-aizhengyiliaobaoxian.pdf
nvxingguanaibaoxian2018-nvxingguanaibaoxian.pdf
chengrenzhongdajibingbaoxian2018-jingwailvyoubaoxiangat.pdf
ertongzhongdajibingbaoxian2018-yinhangkaanquanbaoxian.pdf
patuantijingwailybaoxian0904-aizhengyiliaobaoxian.pdf
hangyixian2018-jiatingzonghebaoxian.pdf
nvxingguanaibaoxian2018-hangyixian.pdf
chengrenzhongdajibingbaoxian2018-zhechanjiankangbaozhan.pdf
hangyixian2018-shaoerzonghexian.pdf
zhichangzongheyiliaobaoxian2018-aizhengyiliaobaoxian.pdf
ertongzhongdajibingbaoxian2018-zhuyuanyiliaobaoxian.pdf
tuantijiaotongyiwaixian2019-yinianqizhongjibaoxian.pdf
nvxingguanaibaoxian2018-shaoerjiankangyiliaobaoxian.pdf
patuantijingwailybaoxian0904-ertongzongheyiliaobaoxian.pdf
chengrenzhongdajibingbaoxian2018-laonianrenjiankangbaoxian.pdf
yinhangkaanquanbaoxian2018-shoujisuipingxian.pdf
hangyixian2018-hangyixian.pdf
chengrenzhongdajibingbaoxian2018-jingwaigongzuobaoxian.pdf
yinianqizongheyiwaixian2018-nvxingguanaibaoxian.pdf
patuantijingwailybaoxian0904-shaoerzonghexian.pdf
guoneilvyoubaoxiangyy2018-jiashirenyiwaixian.pdf
hangyixian2018-jingwailvyoubaoxiangat.pdf
jiashirenyiwaibaoxian2018-laonianrenjiankangbaoxian.pdf
hangyixian2018-zhechanjiankangbaozhan.pdf
yinianqizongheyiwaixian2018-ouzhouqianzhenglvyoubaoxianjingwai.pdf
yinianqizongheyiwaixian2018-chengrenzhongdajibingbaoxian.pdf
guoneilvyoubaoxiangyy2018-xueshengzonghebaoxian.pdf
yinianqizongheyiwaixian2018-aizhengyiliaobaoxian.pdf
tuantijiaotongyiwaixian2019-ouzhouqianzhenglvyoubaoxianjingwai.pdf
patuantijingwailybaoxian0904-chengrenquanmianzhongjibaoxian.pdf
guoneilvyoubaoxiangyy2018-chengrenquanmianzhongjibaoxian.pdf
pashoujisuipingxian2018-aizhengyiliaobaoxian.pdf
ertongzhongdajibingbaoxian2018-laonianrenjiankangbaoxian.pdf
shaoerzonghebaoxiannew2019-shaoerzonghexian.pdf
patuantijingwailybaoxian0904-baodaotaiwan.pdf
ertongzhongdajibingbaoxian2018-aizhengyiliaobaoxian.pdf
pashoujisuipingxian2018-pinganjiatingbaobaoxian.pdf
zhichangzongheyiliaobaoxian2018-zhuyuanyiliaobaoxian.pdf
jiashirenyiwaibaoxian2018-pinganjiatingbaobaoxian.pdf
yinhangkaanquanbaoxian2018-jiatingjiankangbaoxian.pdf
ertongzhongdajibingbaoxian2018-chengrenquanmianzhongjibaoxian.pdf
chengrenzhongdajibingbaoxian2018-chuzubaoxian.pdf
patuantijingwailybaoxian0904-jiatingdabingyiliaobaoxian.pdf
patuantijingwailybaoxian0904-mStoreFront_index.pdf
nvxingguanaibaoxian2018-jiatingdabingyiliaobaoxian.pdf
jiashirenyiwaibaoxian2018-jiatingzonghebaoxian.pdf
tuantijiaotongyiwaixian2019-jingwaigongzuobaoxian.pdf
jiashirenyiwaibaoxian2018-jiashirenyiwaixian.pdf
yinianqizongheyiwaixian2018-zhuyuanyiliaobaoxian.pdf
yinianqizongheyiwaixian2018-yinianqizhongjibaoxian.pdf
yinianqizongheyiwaixian2018-lvxingjiankangxian.pdf
guoneilvyoubaoxiangyy2018-yinianqizhongjibaoxian.pdf
zhichangzongheyiliaobaoxian2018-shaoerzonghexian.pdf
pashoujisuipingxian2018-zhuyuanyiliaobaoxian.pdf
patuantijingwailybaoxian0904-ertongzhongdajibingbaoxian.pdf
nvxingguanaibaoxian2018-ertongzhongdajibingbaoxian.pdf
yinhangkaanquanbaoxian2018-shoujisuipingxiananzhuoban.pdf
nvxingguanaibaoxian2018-chuzubaoxian.pdf
nvxingguanaibaoxian2018-jiashirenyiwaixian.pdf
patuantijingwailybaoxian0904-guzhuzerenxian.pdf
tuantijiaotongyiwaixian2019-tuantijiaotongyiwai.pdf
nvxingguanaibaoxian2018-yinianqizhongjibaoxian.pdf
pashoujisuipingxian2018-yinianqizhongjibaoxian.pdf
tuantijiaotongyiwaixian2019-guzhuzerenxian.pdf
patuantijingwailybaoxian0904-quanchewuyou.pdf
zhichangzongheyiliaobaoxian2018-zhechanjiankangbaozhan.pdf
guoneilvyoubaoxiangyy2018-guoneilvyoubaoxiangyy.pdf
shaoerzonghebaoxiannew2019-jiashirenyiwaixian.pdf
jiashirenyiwaibaoxian2018-shaoerzhongji.pdf
yinianqizongheyiwaixian2018-jingwailiuxuexian.pdf
zhichangzongheyiliaobaoxian2018-jingwailvyoubaoxiangat.pdf
patuantijingwailybaoxian0904-guoneilvyoubaoxianzzy.pdf
pashoujisuipingxian2018-chengrenquanmianzhongjibaoxian.pdf
patuantijingwailybaoxian0904-yilujingneijiejiarilvyoubaoxian.pdf
chengrenzhongdajibingbaoxian2018-zhuyuanyiliaobaoxian.pdf
tuantijiaotongyiwaixian2019-quanqiujiaotongyiwaibaoxian.pdf
ertongzhongdajibingbaoxian2018-lvxingjiankangxian.pdf
patuantijingwailybaoxian0904-zhuyuanyiliaobaoxian.pdf
ertongzhongdajibingbaoxian2018-pinganjiatingbaobaoxian.pdf
tuantijiaotongyiwaixian2019-jiatingcaichanbaoxian.pdf
ertongzhongdajibingbaoxian2018-yinianqizhongjibaoxian.pdf
yinianqizongheyiwaixian2018-qiyecaichanbaoxianyuyue.pdf
guoneilvyoubaoxiangyy2018-zhuyuanyiliaobaoxian.pdf
yinianqizongheyiwaixian2018-yinianqizongheyiwaixian.pdf
guoneilvyoubaoxiangyy2018-shaoerzhongji.pdf
jiashirenyiwaibaoxian2018-chengrenquanmianzhongjibaoxian.pdf
tuantijiaotongyiwaixian2019-qiyecaichanbaoxianyuyue.pdf
yinianqizongheyiwaixian2018-gerenyiwaishanghaibaoxian.pdf
tuantijiaotongyiwaixian2019-chuzubaoxian.pdf
jiashirenyiwaibaoxian2018-yinianqizhongjibaoxian.pdf
yinianqizongheyiwaixian2018-index.pdf
patuantijingwailybaoxian0904-jiashirenyiwaibaoxian.pdf
hangyixian2018-pinganjiatingbaobaoxian.pdf
patuantijingwailybaoxian0904-xueshengzonghebaoxian.pdf
patuantijingwailybaoxian0904-nvxingguanaibaoxian.pdf
shaoerzonghebaoxiannew2019-shaoerjiankangyiliaobaoxian.pdf
guoneilvyoubaoxiangyy2018-baodaotaiwan.pdf
tuantijiaotongyiwaixian2019-jiashirenyiwaixian.pdf
zhichangzongheyiliaobaoxian2018-jiatingjiankangbaoxian.pdf
yinianqizongheyiwaixian2018-baodaotaiwan.pdf
patuantijingwailybaoxian0904-mengchongbaoaixinban.pdf
zhichangzongheyiliaobaoxian2018-chuzubaoxian.pdf
pashoujisuipingxian2018-shaoerjiankangyiliaobaoxian.pdf
zhichangzongheyiliaobaoxian2018-jiashirenyiwaibaoxian.pdf
zhichangzongheyiliaobaoxian2018-xueshengzonghebaoxian.pdf
yinhangkaanquanbaoxian2018-zhechanjiankangbaozhan.pdf
zhichangzongheyiliaobaoxian2018-shoujisuipingxiananzhuoban.pdf
tuantijiaotongyiwaixian2019-guoneilvyoubaoxianzjy.pdf
yinianqizongheyiwaixian2018-zhichangzongheyiliaobaoxian.pdf
zhichangzongheyiliaobaoxian2018-chengrenquanmianzhongjibaoxian.pdf
zhichangzongheyiliaobaoxian2018-jiashirenyiwaixian.pdf
hangyixian2018-lvxingjiankangxian.pdf
yinianqizongheyiwaixian2018-mengchongbaoaixinban.pdf
yinhangkaanquanbaoxian2018-shaoerzonghexian.pdf
yinianqizongheyiwaixian2018-gaoduanmeiaofeilvyoubaoxian.pdf
patuantijingwailybaoxian0904-tuantijingwailvyouyiwaixian.pdf
hangyixian2018-guoneilvyoubaoxiangyy.pdf
pashoujisuipingxian2018-shaoerzhongji.pdf
tuantijiaotongyiwaixian2019-yinhangkaanquanbaoxian.pdf
chengrenzhongdajibingbaoxian2018-jingwailiuxuexian.pdf
guoneilvyoubaoxiangyy2018-lvxingjiankangxian.pdf
yinianqizongheyiwaixian2018-guzhuzerenxian.pdf
jiashirenyiwaibaoxian2018-aizhengyiliaobaoxian.pdf
zhichangzongheyiliaobaoxian2018-pinganjiatingbaobaoxian.pdf
yinianqizongheyiwaixian2018-hangyixian.pdf
zhichangzongheyiliaobaoxian2018-baodaotaiwan.pdf
chengrenzhongdajibingbaoxian2018-yinianqizhongjibaoxian.pdf
zhichangzongheyiliaobaoxian2018-zhichangzongheyiliaobaoxian.pdf
yinianqizongheyiwaixian2018-laonianrenzongheyiliaobaoxian.pdf
tuantijiaotongyiwaixian2019-lexianglvguan.pdf
ertongzhongdajibingbaoxian2018-jiatingzonghebaoxian.pdf
hangyixian2018-laonianrenjiankangbaoxian.pdf
yinianqizongheyiwaixian2018-jiashirenyiwaibaoxian.pdf
tuantijiaotongyiwaixian2019-mengchongbaoaixinban.pdf
shaoerzonghebaoxiannew2019-jiatingjiankangbaoxian.pdf
jiashirenyiwaibaoxian2018-xueshengzonghebaoxian.pdf
ertongzhongdajibingbaoxian2018-shaoerzhongji.pdf
tuantijiaotongyiwaixian2019-guoneilvyoubaoxiangyy.pdf
yinianqizongheyiwaixian2018-mStoreFront_index.pdf
pashoujisuipingxian2018-shaoerzonghexian.pdf
jiashirenyiwaibaoxian2018-jiashirenyiwaibaoxian.pdf
yinianqizongheyiwaixian2018-xueshengzonghebaoxian.pdf
yinhangkaanquanbaoxian2018-yinhangkaanquanbaoxian.pdf
shaoerzonghebaoxiannew2019-shaoerzhongji.pdf
hangyixian2018-yinianqizhongjibaoxian.pdf
patuantijingwailybaoxian0904-jingwailiuxuexian.pdf
zhichangzongheyiliaobaoxian2018-jiatingdabingyiliaobaoxian.pdf
chengrenzhongdajibingbaoxian2018-xueshengzonghebaoxian.pdf
nvxingguanaibaoxian2018-jiashirenyiwaibaoxian.pdf
tuantijiaotongyiwaixian2019-index.pdf
nvxingguanaibaoxian2018-xueshengzonghebaoxian.pdf
guoneilvyoubaoxiangyy2018-shaoerjiankangyiliaobaoxian.pdf
chengrenzhongdajibingbaoxian2018-jiashirenyiwaibaoxian.pdf
yinianqizongheyiwaixian2018-tuantiguoneilvyoubaoxian.pdf
tuantijiaotongyiwaixian2019-baodaotaiwan.pdf
tuantijiaotongyiwaixian2019-zhechanjiankangbaozhan.pdf
hangyixian2018-zhuyuanyiliaobaoxian.pdf
yinianqizongheyiwaixian2018-lexianglvguan.pdf
hangyixian2018-shaoerzhongji.pdf
yinianqizongheyiwaixian2018-tuantijiaotongyiwai.pdf
ertongzhongdajibingbaoxian2018-shaoerjiankangyiliaobaoxian.pdf
zhichangzongheyiliaobaoxian2018-ertongzhongdajibingbaoxian.pdf
tuantijiaotongyiwaixian2019-jingwailvyoubaoxiangat.pdf
yinianqizongheyiwaixian2018-yilujingneijiejiarilvyoubaoxian.pdf
yinhangkaanquanbaoxian2018-lvxingjiankangxian.pdf
yinianqizongheyiwaixian2018-chuzubaoxian.pdf
nvxingguanaibaoxian2018-shoujisuipingxiananzhuoban.pdf
nvxingguanaibaoxian2018-baodaotaiwan.pdf
pashoujisuipingxian2018-laonianrenjiankangbaoxian.pdf
patuantijingwailybaoxian0904-shoujisuipingxiananzhuoban.pdf
nvxingguanaibaoxian2018-zhuyuanyiliaobaoxian.pdf
patuantijingwailybaoxian0904-zhichangzongheyiliaobaoxian.pdf
guoneilvyoubaoxiangyy2018-shaoerzonghexian.pdf
tuantijiaotongyiwaixian2019-lexiangmeishi.pdf
tuantijiaotongyiwaixian2019-hangyixian.pdf
zhichangzongheyiliaobaoxian2018-jingwailiuxuexian.pdf
pashoujisuipingxian2018-jiashirenyiwaixian.pdf
yinhangkaanquanbaoxian2018-jiatingdabingyiliaobaoxian.pdf
nvxingguanaibaoxian2018-laonianrenjiankangbaoxian.pdf
zhichangzongheyiliaobaoxian2018-hangyixian.pdf
chengrenzhongdajibingbaoxian2018-shaoerjiankangyiliaobaoxian.pdf
shaoerzonghebaoxiannew2019-chengrenquanmianzhongjibaoxian.pdf
tuantijiaotongyiwaixian2019-shaoerzhongji.pdf
yinianqizongheyiwaixian2018-tuantijingwailvyouyiwaixian.pdf
patuantijingwailybaoxian0904-gaoduanmeiaofeilvyoubaoxian.pdf
yinhangkaanquanbaoxian2018-zhuyuanyiliaobaoxian.pdf
tuantijiaotongyiwaixian2019-shaoerjiankangyiliaobaoxian.pdf
tuantijiaotongyiwaixian2019-jiatingjiankangbaoxian.pdf
hangyixian2018-shaoerjiankangyiliaobaoxian.pdf
ertongzhongdajibingbaoxian2018-guoneilvyoubaoxiangyy.pdf
patuantijingwailybaoxian0904-hangyixian.pdf
guoneilvyoubaoxiangyy2018-shoujisuipingxian.pdf
chengrenzhongdajibingbaoxian2018-chengrenquanmianzhongjibaoxian.pdf
yinianqizongheyiwaixian2018-shaoerzhongji.pdf
chengrenzhongdajibingbaoxian2018-jiashirenyiwaixian.pdf
chengrenzhongdajibingbaoxian2018-baodaotaiwan.pdf
patuantijingwailybaoxian0904-jiashirenyiwaixian.pdf
guoneilvyoubaoxiangyy2018-pinganjiatingbaobaoxian.pdf
tuantijiaotongyiwaixian2019-shoujisuipingxian.pdf
tuantijiaotongyiwaixian2019-zhuyuanyiliaobaoxian.pdf
yinianqizongheyiwaixian2018-guoneilvyoubaoxianzzy.pdf
patuantijingwailybaoxian0904-qiyecaichanbaoxianyuyue.pdf
yinianqizongheyiwaixian2018-lexiangmeishi.pdf
tuantijiaotongyiwaixian2019-chengrenquanmianzhongjibaoxian.pdf
chengrenzhongdajibingbaoxian2018-yilujingneijiejiarilvyoubaoxian.pdf
patuantijingwailybaoxian0904-yinianqizhongjibaoxian.pdf
zhichangzongheyiliaobaoxian2018-yinhangkaanquanbaoxian.pdf
shaoerzonghebaoxiannew2019-zhuyuanyiliaobaoxian.pdf
yinhangkaanquanbaoxian2018-baodaotaiwan.pdf
zhichangzongheyiliaobaoxian2018-shaoerzhongji.pdf
yinianqizongheyiwaixian2018-chengrenquanmianzhongjibaoxian.pdf
shaoerzonghebaoxiannew2019-zhechanjiankangbaozhan.pdf
